<?xml version="1.0" encoding="UTF-8"?>
<!-- Generated by org.testng.reporters.JUnitReportReporter -->
<testsuite skipped="0" hostname="EVT02098NB" name="day1.module2" tests="3" failures="0" timestamp="2021-11-04T11:56:03 TRT" time="0.010" errors="0">
  <testcase name="APILoginCarLoad" time="0.003" classname="day1.module2"/>
  <system-out/>
  <testcase name="WebLoginCarLoad" time="0.005" classname="day1.module2"/>
  <system-out/>
  <testcase name="MobileLoginCarLoad" time="0.002" classname="day1.module2"/>
  <system-out/>
</testsuite> <!-- day1.module2 -->
