<?xml version="1.0" encoding="UTF-8"?>
<!-- Generated by org.testng.reporters.JUnitReportReporter -->
<testsuite skipped="1" hostname="EVT02098NB" name="day1.module1" tests="2" failures="0" timestamp="2021-11-04T11:56:03 TRT" time="0.020" errors="0">
  <testcase name="test2" time="0.020" classname="day1.module1"/>
  <system-out/>
  <testcase name="test1" classname="day1.module1">
    <skipped/>
  </testcase> <!-- test1 -->
  <system-out/>
</testsuite> <!-- day1.module1 -->
