<?xml version="1.0" encoding="UTF-8"?>
<!-- Generated by org.testng.reporters.JUnitReportReporter -->
<testsuite skipped="1" hostname="EVT02098NB" name="Test.NewTest1" tests="3" failures="0" timestamp="2021-11-04T11:10:39 TRT" time="0.021" errors="0">
  <testcase name="test1" time="0.012" classname="Test.NewTest1"/>
  <system-out/>
  <testcase name="test3" time="0.009" classname="Test.NewTest1"/>
  <system-out/>
  <testcase name="test2" classname="Test.NewTest1">
    <skipped/>
  </testcase> <!-- test2 -->
  <system-out/>
</testsuite> <!-- Test.NewTest1 -->
