<?xml version="1.0" encoding="UTF-8"?>
<!-- Generated by org.testng.reporters.JUnitReportReporter -->
<testsuite skipped="0" hostname="EVT02098NB" name="Test2.NewTest2" tests="1" failures="0" timestamp="2021-11-04T11:10:39 TRT" time="0.075" errors="0">
  <testcase name="test4" time="0.075" classname="Test2.NewTest2"/>
  <system-out/>
</testsuite> <!-- Test2.NewTest2 -->
