<?xml version="1.0" encoding="UTF-8"?>
<!-- Generated by org.testng.reporters.JUnitReportReporter -->
<testsuite skipped="0" hostname="EVT02098NB" name="Selenium.HelloWorld" tests="2" failures="0" timestamp="2021-11-04T14:05:43 TRT" time="6.357" errors="0">
  <testcase name="test2" time="6.342" classname="Selenium.HelloWorld"/>
  <system-out/>
  <testcase name="test1" time="0.015" classname="Selenium.HelloWorld"/>
  <system-out/>
</testsuite> <!-- Selenium.HelloWorld -->
