<?xml version="1.0" encoding="UTF-8"?>
<!-- Generated by org.testng.reporters.JUnitReportReporter -->
<testsuite skipped="0" hostname="EVT02098NB" name="Selenium.Tests" tests="4" failures="0" timestamp="2021-11-04T15:02:07 TRT" time="3.497" errors="0">
  <testcase name="testSendKeysToSearchBox" time="0.126" classname="Selenium.Tests"/>
  <system-out/>
  <testcase name="testConnection" time="1.487" classname="Selenium.Tests"/>
  <system-out/>
  <testcase name="testSubmitButton" time="1.861" classname="Selenium.Tests"/>
  <system-out/>
  <testcase name="testFindSearchBox" time="0.023" classname="Selenium.Tests"/>
  <system-out/>
</testsuite> <!-- Selenium.Tests -->
