<?xml version="1.0" encoding="UTF-8"?>
<!-- Generated by org.testng.reporters.JUnitReportReporter -->
<testsuite skipped="0" hostname="EVT02098NB" name="test.Homework" tests="4" failures="0" timestamp="2021-11-04T23:44:25 TRT" time="7.040" errors="0">
  <testcase name="testSubmitButton" time="3.528" classname="test.Homework"/>
  <system-out/>
  <testcase name="login" time="3.277" classname="test.Homework"/>
  <system-out/>
  <testcase name="testFindSearchBox" time="0.059" classname="test.Homework"/>
  <system-out/>
  <testcase name="testSendKeysToSearchBox" time="0.176" classname="test.Homework"/>
  <system-out/>
</testsuite> <!-- test.Homework -->
